C:\USERS\HENGZI\DESKTOP\VF_MYVF2ALGORITHM1\VF_MYVF2ALGORITHM1\DEBUG\ARGEDIT.OBJ
C:\USERS\HENGZI\DESKTOP\VF_MYVF2ALGORITHM1\VF_MYVF2ALGORITHM1\DEBUG\ARGLOADER.OBJ
C:\USERS\HENGZI\DESKTOP\VF_MYVF2ALGORITHM1\VF_MYVF2ALGORITHM1\DEBUG\ARGRAPH.OBJ
C:\USERS\HENGZI\DESKTOP\VF_MYVF2ALGORITHM1\VF_MYVF2ALGORITHM1\DEBUG\ERROR.OBJ
C:\USERS\HENGZI\DESKTOP\VF_MYVF2ALGORITHM1\VF_MYVF2ALGORITHM1\DEBUG\MATCH.OBJ
C:\USERS\HENGZI\DESKTOP\VF_MYVF2ALGORITHM1\VF_MYVF2ALGORITHM1\DEBUG\MY_VF2_STATE.OBJ
C:\USERS\HENGZI\DESKTOP\VF_MYVF2ALGORITHM1\VF_MYVF2ALGORITHM1\DEBUG\SORTNODES.OBJ
C:\USERS\HENGZI\DESKTOP\VF_MYVF2ALGORITHM1\VF_MYVF2ALGORITHM1\DEBUG\VF_MYVF2ALGORITHM1.OBJ
C:\USERS\HENGZI\DESKTOP\VF_MYVF2ALGORITHM1\VF_MYVF2ALGORITHM1\DEBUG\WINTIMER.OBJ
C:\USERS\HENGZI\DESKTOP\VF_MYVF2ALGORITHM1\VF_MYVF2ALGORITHM1\DEBUG\VC110.PDB
C:\USERS\HENGZI\DESKTOP\VF_MYVF2ALGORITHM1\DEBUG\VF_MYVF2ALGORITHM1.ILK
C:\USERS\HENGZI\DESKTOP\VF_MYVF2ALGORITHM1\DEBUG\VF_MYVF2ALGORITHM1.EXE
C:\USERS\HENGZI\DESKTOP\VF_MYVF2ALGORITHM1\DEBUG\VF_MYVF2ALGORITHM1.PDB
C:\Users\hengzi\Desktop\VF_myVF2Algorithm1\VF_myVF2Algorithm1\Debug\argedit.obj
C:\Users\hengzi\Desktop\VF_myVF2Algorithm1\VF_myVF2Algorithm1\Debug\argloader.obj
C:\Users\hengzi\Desktop\VF_myVF2Algorithm1\VF_myVF2Algorithm1\Debug\argraph.obj
C:\Users\hengzi\Desktop\VF_myVF2Algorithm1\VF_myVF2Algorithm1\Debug\error.obj
C:\Users\hengzi\Desktop\VF_myVF2Algorithm1\VF_myVF2Algorithm1\Debug\match.obj
C:\Users\hengzi\Desktop\VF_myVF2Algorithm1\VF_myVF2Algorithm1\Debug\my_vf2_state.obj
C:\Users\hengzi\Desktop\VF_myVF2Algorithm1\VF_myVF2Algorithm1\Debug\sortnodes.obj
C:\Users\hengzi\Desktop\VF_myVF2Algorithm1\VF_myVF2Algorithm1\Debug\VF_myVF2Algorithm1.obj
C:\Users\hengzi\Desktop\VF_myVF2Algorithm1\VF_myVF2Algorithm1\Debug\WinTimer.obj
C:\Users\hengzi\Desktop\VF_myVF2Algorithm1\VF_myVF2Algorithm1\Debug\cl.command.1.tlog
C:\Users\hengzi\Desktop\VF_myVF2Algorithm1\VF_myVF2Algorithm1\Debug\CL.read.1.tlog
C:\Users\hengzi\Desktop\VF_myVF2Algorithm1\VF_myVF2Algorithm1\Debug\CL.write.1.tlog
C:\Users\hengzi\Desktop\VF_myVF2Algorithm1\VF_myVF2Algorithm1\Debug\link-cvtres.read.1.tlog
C:\Users\hengzi\Desktop\VF_myVF2Algorithm1\VF_myVF2Algorithm1\Debug\link-cvtres.write.1.tlog
C:\Users\hengzi\Desktop\VF_myVF2Algorithm1\VF_myVF2Algorithm1\Debug\link-rc.read.1.tlog
C:\Users\hengzi\Desktop\VF_myVF2Algorithm1\VF_myVF2Algorithm1\Debug\link-rc.write.1.tlog
C:\Users\hengzi\Desktop\VF_myVF2Algorithm1\VF_myVF2Algorithm1\Debug\link.command.1.tlog
C:\Users\hengzi\Desktop\VF_myVF2Algorithm1\VF_myVF2Algorithm1\Debug\link.read.1.tlog
C:\Users\hengzi\Desktop\VF_myVF2Algorithm1\VF_myVF2Algorithm1\Debug\link.write.1.tlog
C:\Users\hengzi\Desktop\VF_myVF2Algorithm1\VF_myVF2Algorithm1\Debug\vc110.idb
C:\Users\hengzi\Desktop\VF_myVF2Algorithm1\VF_myVF2Algorithm1\Debug\vc110.pdb
C:\Users\hengzi\Desktop\VF_myVF2Algorithm1\Debug\VF_myVF2Algorithm1.pdb
C:\Users\hengzi\Desktop\VF_myVF2Algorithm1\Debug\VF_myVF2Algorithm1.exe
C:\Users\hengzi\Desktop\VF_myVF2Algorithm1\Debug\VF_myVF2Algorithm1.ilk
